/usr/bin/id: cannot find name for group ID 10000
--------------------------------------------------------------------------
[[50168,1],1]: A high-performance Open MPI point-to-point messaging module
was unable to find any relevant network interfaces:

Module: OpenFabrics (openib)
  Host: mb-har139.cism.ucl.ac.be

Another transport will be used instead, although this may result in
lower performance.
--------------------------------------------------------------------------
[mb-har139.cism.ucl.ac.be:02713] 1 more process has sent help message help-mpi-btl-base.txt / btl:no-nics
[mb-har139.cism.ucl.ac.be:02713] Set MCA parameter "orte_base_help_aggregate" to 0 to see all help / error messages
--------------------------------------------------------------------------
[[38429,1],1]: A high-performance Open MPI point-to-point messaging module
was unable to find any relevant network interfaces:

Module: OpenFabrics (openib)
  Host: mb-har139.cism.ucl.ac.be

Another transport will be used instead, although this may result in
lower performance.
--------------------------------------------------------------------------
[mb-har139.cism.ucl.ac.be:24444] 1 more process has sent help message help-mpi-btl-base.txt / btl:no-nics
[mb-har139.cism.ucl.ac.be:24444] Set MCA parameter "orte_base_help_aggregate" to 0 to see all help / error messages
3
3
--------------------------------------------------------------------------
mpirun noticed that the job aborted, but has no info as to the process
that caused that situation.
--------------------------------------------------------------------------
--------------------------------------------------------------------------
[[37609,1],1]: A high-performance Open MPI point-to-point messaging module
was unable to find any relevant network interfaces:

Module: OpenFabrics (openib)
  Host: mb-har139.cism.ucl.ac.be

Another transport will be used instead, although this may result in
lower performance.
--------------------------------------------------------------------------
[mb-har139.cism.ucl.ac.be:23432] 1 more process has sent help message help-mpi-btl-base.txt / btl:no-nics
[mb-har139.cism.ucl.ac.be:23432] Set MCA parameter "orte_base_help_aggregate" to 0 to see all help / error messages
3
3
--------------------------------------------------------------------------
mpirun noticed that the job aborted, but has no info as to the process
that caused that situation.
--------------------------------------------------------------------------
--------------------------------------------------------------------------
[[46769,1],1]: A high-performance Open MPI point-to-point messaging module
was unable to find any relevant network interfaces:

Module: OpenFabrics (openib)
  Host: mb-har139.cism.ucl.ac.be

Another transport will be used instead, although this may result in
lower performance.
--------------------------------------------------------------------------
[mb-har139.cism.ucl.ac.be:32720] 1 more process has sent help message help-mpi-btl-base.txt / btl:no-nics
[mb-har139.cism.ucl.ac.be:32720] Set MCA parameter "orte_base_help_aggregate" to 0 to see all help / error messages
slurmstepd: error: *** JOB 5433504 ON mb-har139 CANCELLED AT 2018-04-11T15:15:19 DUE TO TIME LIMIT ***
